Champion Jockey: G1 Jockey & Gallop Racer. PS. Sony Computer Entertainment. 2000. Vendas global: 3.39. 
Reel Fishing II. X360. D3Publisher. 2009. Vendas global: 0.13. 
DS Nishimura Kyotaro Suspense Shin Tantei Series: Kyoto Atami Zekkai no Kotou - Satsui no Wana. Wii. Reef Entertainment. 2010. Vendas global: 0.12. 
Far Cry 2. PSV. Ubisoft. 2016. Vendas global: 0.12. 
Simple DS Series Vol 41: The Bakudan Shori-Han. DS. Sega. 2005. Vendas global: 0.09. 
Shiren the Wanderer 4 - God's Eye and the Demon's Navel. XB. Activision. 2005. Vendas global: 0.44. 
Blades of Time. PS2. Eidos Interactive. 2005. Vendas global: 0.09. 
Blood Omen: Legacy of Kain. PSP. Yeti. 2010. Vendas global: 0.03. 
James Bond 007: Agent Under Fire. X360. Take-Two Interactive. 2009. Vendas global: 2.58. 
Shadow of the Colossus. PS3. Sony Computer Entertainment. 2011. Vendas global: 0.04. 
Jake Hunter Detective Story: Memories of the Past. XB. Activision. 2006. Vendas global: 0.1. 
Syndicate. PC. Konami Digital Entertainment. 2009. Vendas global: 0.02. 
High Velocity: Mountain Racing Challenge. DC. Virgin Interactive. 2000. Vendas global: 0.22. 
Shin Kamaitachi no Yoru: 11 Hitome no Suspect. GC. Eidos Interactive. 2002. Vendas global: 0.05. 
Shonen Jump's One Piece: Grand Adventure. PS2. Electronic Arts. 2004. Vendas global: 1.48. 
Fire Emblem: Monsh? no Nazo. PS3. Disney Interactive Studios. 2011. Vendas global: 0.99. 
Cabela's Survival: Shadows of Katmai. PS2. Eidos Interactive. 2002. Vendas global: 0.39. 
Game & Wario. Wii. Ubisoft. 2011. Vendas global: 0.44. 
Tiger Woods PGA Tour 09. PC. Electronic Arts. 2010. Vendas global: 0.08. 
Warriors Orochi. PC. Ubisoft. 2010. Vendas global: 0.26. 
ESPN College Hoops 2K5. XB. Sega. 2004. Vendas global: 0.38. 
Record of Agarest War Zero. PSV. Unknown. 2015. Vendas global: 0.02. 
Puzzle de Harvest Moon. PS. Sony Computer Entertainment. 1997. Vendas global: 0.89. 
Worms World Party. PC. Codemasters. 2009. Vendas global: 0.01. 
Tales of Innocence R. PSV. Namco Bandai Games. 2012. Vendas global: 0.1. 
Mass Effect Trilogy. PS2. Konami Digital Entertainment. 2008. Vendas global: 0.03. 
Ken to Mahou to Gakuen Mono 3. PSV. Namco Bandai Games. 2015. Vendas global: 0.02. 
Monster Rancher Hop-A-Bout. PS2. SNK Playmore. 2009. Vendas global: 0.04. 
Dragon Quest IX: Sentinels of the Starry Skies. X360. Take-Two Interactive. 2011. Vendas global: 0.45. 
NBA Live 08. PC. Paradox Interactive. 2008. Vendas global: 0.02. 
Slayers Royal 2. Wii. Sega. 2008. Vendas global: 2.2. 
Star Wars: Dark Forces. PSP. Sega. 2010. Vendas global: 0.25. 
Stuart Little 2. GBA. Activision. 2002. Vendas global: 0.46. 
NFL Blitz. XB. Microsoft Game Studios. 2005. Vendas global: 0.71. 
DJ Star. DS. Deep Silver. 2009. Vendas global: 0.02. 
Pro Yakyuu Family Stadium. PS2. Sony Computer Entertainment. 2004. Vendas global: 1.86. 
Tear Ring Saga Yutona Eiyuu Senki. Wii. THQ. 2011. Vendas global: 0.41. 
Cooking Mama 4: Kitchen Magic!. DS. N/A. 2012. Vendas global: 0.02. 
Indiana Jones and the Staff of Kings. PSP. Warner Bros Interactive Entertainment. 2010. Vendas global: 0.71. 
Skylanders: Trap Team. 3DS. Activision. 2014. Vendas global: 0.26. 
Imagine: Party Babyz. XB. Crave Entertainment. 2005. Vendas global: 0.09. 
Scooby-Doo! and the Spooky Swamp. NES. Namco Bandai Games. 1986. Vendas global: 2.2. 
UEFA Champions League 2006-2007. Wii. Electronic Arts. 2010. Vendas global: 0.43. 
Maze Craze: A Game of Cops 'n Robbers. 3DS. Nintendo. 2012. Vendas global: 0.2. 
Pro Yaky? Spirits 5. DS. Square Enix. 2008. Vendas global: 0.08. 
Nintendogs + cats. PS. Atari. 1998. Vendas global: 0.81. 
NPPL: Championship Paintball 2009. PC. Codemasters. 2012. Vendas global: 0.15. 
Hammerin' Hero. Wii. Avanquest. 2010. Vendas global: 0.06. 
Red Dead Redemption: Undead Nightmare. X360. Eidos Interactive. 2009. Vendas global: 3.5. 
Microsoft Flight Simulator X. GC. Capcom. 2005. Vendas global: 1.69. 
Garou Densetsu 3: Road to the Final Victory. PS3. Namco Bandai Games. 2009. Vendas global: 0.24. 
Naruto: Ninja Council 2 European Version. PS2. Xicat Interactive. 2002. Vendas global: 0.11. 
Zoids Dash. PC. Electronic Arts. 2007. Vendas global: 0.04. 
Katekyoo Hitman Reborn! DS Fate of Heat III - Yuki no Shugosha Raishuu!. GC. Nintendo. 2002. Vendas global: 0.44. 
Gekijouban Madoka Magicka: The Battle Pentagram. PC. Ubisoft. 2012. Vendas global: 0.98. 
Agatha Christie: The ABC Murders. PS3. Sega. 2015. Vendas global: 0.25. 
Deadly Arts. PS2. Sony Computer Entertainment. 2004. Vendas global: 0.17. 
SpongeBob SquarePants: Lights, Camera, Pants!. PS2. Ubisoft. 2003. Vendas global: 2.22. 
Star Wars Starfighter: Special Edition. PS3. Sega. 2012. Vendas global: 0.7. 
Naruto Shippuden: Ultimate Ninja Storm 2. PSP. Falcom Corporation. 2007. Vendas global: 0.01. 
Dora the Explorer: Game Boy Advance Video Volume 1. DS. Ubisoft. 2007. Vendas global: 0.16. 
Hysteria Hospital: Emergency Ward. X360. Activision. 2010. Vendas global: 0.36. 
NBA Live 2000. PC. LucasArts. 1994. Vendas global: 1.95. 
Get Fit with Mel B. PSV. Idea Factory. 2015. Vendas global: 0.02. 
Zoo Hospital. DS. Eidos Interactive. 2007. Vendas global: 0.04. 
Jet Li: Rise to Honor. PS2. Sony Computer Entertainment. 2004. Vendas global: 1.27. 
F1 ROC: Race of Champions. PS2. Namco Bandai Games. 2005. Vendas global: 0.02. 
Madden NFL 10. PS2. Acclaim Entertainment. 2003. Vendas global: 0.28. 
NHL 16. X360. Ubisoft. 2012. Vendas global: 0.16. 
The Naked Brothers Band: The Video Game. X360. THQ. 2010. Vendas global: 0.9. 
Generator Rex: Agent of Providence. X360. Activision. 2011. Vendas global: 0.06. 
Damnation. Wii. Take-Two Interactive. 2007. Vendas global: 0.05. 
LEGO Indiana Jones 2: The Adventure Continues. PS2. Electronic Arts. 2000. Vendas global: 1.66. 
Skate 3. Wii. Nintendo. 2009. Vendas global: 28.62. 
Rise of the Tomb Raider. Wii. THQ. 2010. Vendas global: 0.23. 
Call of Duty: Modern Warfare 2. PS3. Activision. 2009. Vendas global: 10.69. 
Dakar 2: The World's Ultimate Rally. PC. JoWood Productions. 2006. Vendas global: 0.06. 
Fight Night Round 2. Wii. Capcom. 2008. Vendas global: 0.23. 
NCAA Football 2005. Wii. Activision. 2011. Vendas global: 0.89. 
Catwoman. DS. Disney Interactive Studios. 2007. Vendas global: 0.18. 
Motto! SoniComi. PSP. Namco Bandai Games. 2012. Vendas global: 0.32. 
Utawarerumono: Futari no Hakuoro. PS. Psygnosis. 1995. Vendas global: 0.08. 
Transformers: Revenge of the Fallen (XBox 360, PS3, & PC Versions). PC. Activision. 2008. Vendas global: 0.19. 
Summer Heat Beach Volleyball. DS. UFO Interactive. 2008. Vendas global: 0.01. 
Clubhouse Games. GC. Nintendo. 2002. Vendas global: 0.14. 
Rogue Ops. PS2. Kemco. 2003. Vendas global: 0.23. 
Codename Tenka. XB. Jaleco. 2004. Vendas global: 0.02. 
Code Geass: Hangyaku no Lelouch - Lost Colors. PS3. Aqua Plus. 2016. Vendas global: 0.01. 
Mega Man Powered Up. DS. PQube. 2007. Vendas global: 0.11. 
Grand Kingdom. DS. Level 5. 2009. Vendas global: 0.03. 
Batman: Arkham Asylum. PS. Tecmo Koei. 1997. Vendas global: 0.27. 
Etrian Odyssey IV: Legends of the Titans. PS2. Eidos Interactive. 2002. Vendas global: 0.18. 
Karaoke Revolution Party. PS2. Ignition Entertainment. 2006. Vendas global: 0.2. 
Left Brain Right Brain: Use Both Hands Train Both Sides. PC. Ubisoft. 2009. Vendas global: 0.04. 
Super Mario Bros: The Lost Levels. PS3. Tecmo Koei. 2009. Vendas global: 0.29. 
Worldwide Soccer Manager 2009. 2600. 20th Century Fox Video Games. 1982. Vendas global: 0.34. 
Resident Evil 3: Nemesis. PS. Eidos Interactive. 1999. Vendas global: 3.72. 
Epic Mickey 2: The Power of Two. PS4. Capcom. 2015. Vendas global: 0.54. 
Tiger Woods PGA Tour 08. PS3. Activision. 2010. Vendas global: 0.74. 
Forza Motorsport 3. DS. 505 Games. 2010. Vendas global: 0.04. 
Ginga Tetsudou 999 DS. WiiU. Nintendo. 2014. Vendas global: 0.4. 
Quantidade de jogos não encontrados: 20
